time="2021-08-14T21:00:08-04:00" level=info msg="connecting to ws://localhost:9000/open/rfxftj3djd"
time="2021-08-14T21:01:39-04:00" level=info msg="connecting to ws://localhost:9000/open/rh5nq8kbj4"
time="2021-08-14T21:02:53-04:00" level=info msg="connecting to ws://localhost:9000/open/8n40mm8rsy"
time="2021-08-14T21:04:24-04:00" level=info msg="starting client gracefull shutdown"
time="2021-08-14T21:04:24-04:00" level=info msg="Reader Loop has been stopped, waiting for any inflight requests to complete"
time="2021-08-14T21:04:29-04:00" level=info msg="connecting to ws://localhost:9000/open/n4pjjub9mt"
time="2021-08-14T21:04:49-04:00" level=info msg="starting client gracefull shutdown"
time="2021-08-14T21:04:49-04:00" level=info msg="Reader Loop has been stopped, waiting for any inflight requests to complete"
time="2021-08-14T21:04:53-04:00" level=info msg="connecting to ws://localhost:9000/open/kq3ye920lo"
time="2021-08-14T21:09:23-04:00" level=info msg="starting client gracefull shutdown"
time="2021-08-14T21:09:23-04:00" level=info msg="Reader Loop has been stopped, waiting for any inflight requests to complete"
time="2021-08-14T21:09:27-04:00" level=info msg="connecting to ws://localhost:9000/open/u44gi7t0lt"
time="2021-08-14T21:09:30-04:00" level=info msg="starting client gracefull shutdown"
time="2021-08-14T21:09:30-04:00" level=info msg="Reader Loop has been stopped, waiting for any inflight requests to complete"
time="2021-08-14T21:09:56-04:00" level=info msg="connecting to ws://localhost:9000/open/g4ei40cu01"
time="2021-08-14T21:11:47-04:00" level=info msg="starting client gracefull shutdown"
time="2021-08-14T21:11:47-04:00" level=info msg="Reader Loop has been stopped, waiting for any inflight requests to complete"
time="2021-08-14T21:11:50-04:00" level=info msg="connecting to ws://localhost:9000/open/yc7g7xrkb6"
time="2021-08-14T21:12:18-04:00" level=info route=/ status=200
time="2021-08-14T21:12:46-04:00" level=info route=/ status=200
time="2021-08-14T21:14:07-04:00" level=info route=/ status=200
time="2021-08-14T21:14:48-04:00" level=info msg="starting client gracefull shutdown"
time="2021-08-14T21:14:48-04:00" level=info msg="Reader Loop has been stopped, waiting for any inflight requests to complete"
