time="2021-08-14T20:05:18-04:00" level=info msg="connecting to ws://localhost:9000/open/smx7umi2sj"
time="2021-08-14T20:07:37-04:00" level=info msg="connecting to ws://localhost:9000/open/drwj8961e8"
time="2021-08-14T20:07:44-04:00" level=info msg="starting client gracefull shutdown"
time="2021-08-14T20:08:12-04:00" level=info msg="connecting to ws://localhost:9000/open/oe5ocwjfbd"
time="2021-08-14T20:08:22-04:00" level=info msg="starting client gracefull shutdown"
time="2021-08-14T20:08:54-04:00" level=info msg="connecting to ws://localhost:9000/open/o86d5n6jkq"
time="2021-08-14T20:09:55-04:00" level=info msg="starting client gracefull shutdown"
time="2021-08-14T20:10:06-04:00" level=info msg="connecting to ws://localhost:9000/open/hu3gkiemok"
time="2021-08-14T20:11:04-04:00" level=info msg="connecting to ws://localhost:9000/open/2o9kmqfwtj"
time="2021-08-14T20:11:52-04:00" level=info msg="starting client gracefull shutdown"
time="2021-08-14T20:12:48-04:00" level=info msg="connecting to ws://localhost:9000/open/olsz01bo8h"
time="2021-08-14T20:13:25-04:00" level=info msg="connecting to ws://localhost:9000/open/r1wa1tngdv"
time="2021-08-14T20:13:46-04:00" level=info msg="connecting to ws://localhost:9000/open/bdcqldda9n"
time="2021-08-14T20:15:24-04:00" level=info msg="connecting to ws://localhost:9000/open/4km8iraqjr"
time="2021-08-14T20:16:46-04:00" level=info msg="starting client gracefull shutdown"
time="2021-08-14T20:19:20-04:00" level=info msg="connecting to ws://localhost:9000/open/l8eqkfb308"
time="2021-08-14T20:19:29-04:00" level=info msg="starting client gracefull shutdown"
time="2021-08-14T20:19:45-04:00" level=info msg="connecting to ws://localhost:9000/open/f7970irs9y"
time="2021-08-14T20:19:51-04:00" level=info msg="starting client gracefull shutdown"
time="2021-08-14T20:20:04-04:00" level=info msg="connecting to ws://localhost:9000/open/cmbg7abfet"
time="2021-08-14T20:20:07-04:00" level=info msg="starting client gracefull shutdown"
time="2021-08-14T20:22:56-04:00" level=info msg="connecting to ws://localhost:9000/open/c8n8hef81p"
time="2021-08-14T20:22:59-04:00" level=info msg="starting client gracefull shutdown"
time="2021-08-14T20:23:31-04:00" level=info msg="connecting to ws://localhost:9000/open/ate44qz57n"
time="2021-08-14T20:23:37-04:00" level=info msg="starting client gracefull shutdown"
time="2021-08-14T20:23:53-04:00" level=info msg="connecting to ws://localhost:9000/open/qzpqp0v7wg"
time="2021-08-14T20:24:13-04:00" level=info msg="starting client gracefull shutdown"
time="2021-08-14T20:24:16-04:00" level=info msg="connecting to ws://localhost:9000/open/wwp30455h7"
time="2021-08-14T20:24:55-04:00" level=info msg="starting client gracefull shutdown"
time="2021-08-14T20:30:43-04:00" level=info msg="connecting to ws://localhost:9000/open/wwp30455h7"
time="2021-08-14T20:30:51-04:00" level=info msg="connecting to ws://localhost:9000/open/wwp30455h7"
time="2021-08-14T20:30:56-04:00" level=info msg="connecting to ws://localhost:9000/open/u5llob3bsw"
time="2021-08-14T20:31:03-04:00" level=info msg="starting client gracefull shutdown"
time="2021-08-14T20:31:20-04:00" level=info msg="connecting to ws://localhost:9000/open/prx82vyy5k"
time="2021-08-14T20:31:26-04:00" level=info msg="starting client gracefull shutdown"
time="2021-08-14T20:31:58-04:00" level=info msg="connecting to ws://localhost:9000/open/ufk6so1ajv"
time="2021-08-14T20:32:04-04:00" level=info msg="starting client gracefull shutdown"
time="2021-08-14T20:32:34-04:00" level=info msg="connecting to ws://localhost:9000/open/crvw73d8oh"
time="2021-08-14T20:32:40-04:00" level=info msg="starting client gracefull shutdown"
time="2021-08-14T20:39:21-04:00" level=info msg="connecting to ws://localhost:9000/open/irojz6j7sc"
time="2021-08-14T20:39:33-04:00" level=info msg="starting client gracefull shutdown"
time="2021-08-14T20:39:51-04:00" level=info msg="connecting to ws://localhost:9000/open/mvpji2nase"
time="2021-08-14T20:40:33-04:00" level=info msg="connecting to ws://localhost:9000/open/gt1xudm3gr"
time="2021-08-14T20:47:34-04:00" level=info msg="starting client gracefull shutdown"
time="2021-08-14T20:48:16-04:00" level=info msg="connecting to ws://localhost:9000/open/l135fez5si"
time="2021-08-14T20:55:24-04:00" level=info msg="starting client gracefull shutdown"
