time="2021-08-14T19:33:01-04:00" level=info msg="connecting to http://localhost:9000/new"
time="2021-08-14T19:35:14-04:00" level=info msg="connecting to ws://localhost:9000/new"
time="2021-08-14T19:36:59-04:00" level=info msg="connecting to ws://localhost:9000/new"
time="2021-08-14T19:37:11-04:00" level=info msg="connecting to ws://localhost:9000/new"
time="2021-08-14T19:37:42-04:00" level=info msg="connecting to ws://localhost:9000/new"
time="2021-08-14T19:38:02-04:00" level=info msg="connecting to ws://localhost:9000/new"
time="2021-08-14T19:38:40-04:00" level=info msg="connecting to ws://localhost:9000/new"
time="2021-08-14T19:39:03-04:00" level=info msg="connecting to ws://localhost:9000/new"
time="2021-08-14T19:39:17-04:00" level=info msg="connecting to ws://localhost:9000/new"
time="2021-08-14T19:39:35-04:00" level=info msg="connecting to ws://localhost:9000/new"
time="2021-08-14T19:39:45-04:00" level=info msg="connecting to ws://localhost:9000/new"
time="2021-08-14T19:40:06-04:00" level=info msg="connecting to ws://localhost:9000/new"
time="2021-08-14T19:40:18-04:00" level=info msg="connecting to ws://localhost:9000/new"
time="2021-08-14T19:40:57-04:00" level=info msg="connecting to ws://localhost:9000/new"
time="2021-08-14T19:41:19-04:00" level=info msg="connecting to ws://localhost:9000/new"
time="2021-08-14T19:41:43-04:00" level=info msg="connecting to ws://localhost:9000/new"
time="2021-08-14T19:47:18-04:00" level=info msg="connecting to ws://localhost:9000/new"
time="2021-08-14T19:47:35-04:00" level=info msg="connecting to ws://localhost:9000/mc3mzb5h4c"
time="2021-08-14T19:49:34-04:00" level=info msg="connecting to ws://localhost:9000/m659yuakdi"
time="2021-08-14T19:50:28-04:00" level=info msg="connecting to ws://localhost:9000/open/uavs336rbn"
time="2021-08-14T19:51:56-04:00" level=info msg="connecting to ws://localhost:9000/open/7zjmsrj6e7"
time="2021-08-14T19:58:35-04:00" level=info msg="connecting to ws://localhost:9000/open/jc4fcdyp5n"
time="2021-08-14T19:58:39-04:00" level=info msg="starting client gracefull shutdown"
